==7581== NVPROF is profiling process 7581, command: python max_heele_steele.py
==7581== Profiling application: python max_heele_steele.py
==7581== Profiling result:
            Type  Time(%)      Time     Calls       Avg       Min       Max  Name
 GPU activities:   46.90%  46.736ms         4  11.684ms  1.7050us  23.367ms  [CUDA memcpy HtoD]
                   29.10%  29.001ms         1  29.001ms  29.001ms  29.001ms  heele_max2
                   23.99%  23.910ms         1  23.910ms  23.910ms  23.910ms  [CUDA memcpy DtoH]
      API calls:   35.76%  89.861ms         1  89.861ms  89.861ms  89.861ms  cuCtxCreate
                   21.40%  53.766ms         1  53.766ms  53.766ms  53.766ms  cuCtxDetach
                   21.06%  52.929ms         1  52.929ms  52.929ms  52.929ms  cuMemcpyDtoH
                   18.17%  45.664ms         4  11.416ms  19.078us  22.817ms  cuMemcpyHtoD
                    2.59%  6.5029ms         4  1.6257ms  176.19us  3.1229ms  cuMemFree
                    0.72%  1.8163ms         4  454.06us  242.22us  648.12us  cuMemAlloc
                    0.14%  350.56us         1  350.56us  350.56us  350.56us  cuModuleLoadDataEx
                    0.05%  113.24us         1  113.24us  113.24us  113.24us  cuModuleUnload
                    0.04%  97.439us        18  5.4130us  4.3990us  13.256us  cuDeviceGetAttribute
                    0.02%  44.366us        10  4.4360us  4.4000us  4.4410us  cuDeviceComputeCapability
                    0.01%  29.110us         1  29.110us  29.110us  29.110us  cuLaunchKernel
                    0.01%  27.301us         6  4.5500us  4.3990us  5.1810us  cuCtxPushCurrent
                    0.01%  27.137us         6  4.5220us  4.4400us  4.9340us  cuCtxPopCurrent
                    0.01%  26.638us         6  4.4390us  4.3920us  4.5230us  cuCtxGetDevice
                    0.01%  13.256us         3  4.4180us  4.3920us  4.4320us  cuDeviceGetCount
                    0.00%  8.8810us         2  4.4400us  4.4400us  4.4410us  cuModuleGetFunction
                    0.00%  8.8650us         2  4.4320us  4.4320us  4.4330us  cuDeviceGet
                    0.00%  6.1560us         1  6.1560us  6.1560us  6.1560us  cuDeviceGetPCIBusId
                    0.00%  4.4000us         1  4.4000us  4.4000us  4.4000us  cuFuncSetBlockShape
